<?xml version="1.0" encoding="UTF-8"?>
<!-- Generated by org.testng.reporters.JUnitReportReporter -->
<testsuite hostname="CHN1-W0051" name="scripts.NewTest" tests="1" failures="0" timestamp="28 Feb 2020 04:17:22 GMT" time="38.062" errors="0">
  <testcase name="f" time="38.062" classname="scripts.NewTest"/>
</testsuite> <!-- scripts.NewTest -->
